<?xml version="1.0" encoding="UTF-8"?>
<!-- Generated by org.testng.reporters.JUnitReportReporter -->
<testsuite hostname="LAPTOP-6L50N0K4" failures="0" tests="1" name="com.RestAssured.com_Site" time="19.420" errors="0" timestamp="2023-08-29T20:42:02 IST" skipped="0">
  <testcase classname="com.RestAssured.com_Site" name="GET_tc001" time="19.420"/>
  <system-out/>
</testsuite> <!-- com.RestAssured.com_Site -->
