<?xml version="1.0" encoding="UTF-8"?>
<!-- Generated by org.testng.reporters.JUnitReportReporter -->
<testsuite hostname="LAPTOP-6L50N0K4" failures="0" tests="1" name="selenium.restAssuredTesting.site5" time="5.732" errors="0" timestamp="2023-08-02T19:16:18 IST" skipped="0">
  <testcase classname="selenium.restAssuredTesting.site5" name="get" time="5.732"/>
  <system-out/>
</testsuite> <!-- selenium.restAssuredTesting.site5 -->
