<?xml version="1.0" encoding="UTF-8"?>
<!-- Generated by org.testng.reporters.JUnitReportReporter -->
<testsuite hostname="LAPTOP-6L50N0K4" failures="0" tests="1" name="api.RestAssured.Testing.website2" time="0.552" errors="0" timestamp="2023-08-10T11:02:45 IST" skipped="0">
  <testcase classname="api.RestAssured.Testing.website2" name="tc001" time="0.552"/>
  <system-out/>
</testsuite> <!-- api.RestAssured.Testing.website2 -->
