<?xml version="1.0" encoding="UTF-8"?>
<!-- Generated by org.testng.reporters.JUnitReportReporter -->
<testsuite hostname="LAPTOP-6L50N0K4" failures="0" tests="4" name="com.RestAssured.com_Site" time="6.520" errors="0" timestamp="2023-08-30T19:06:04 IST" skipped="0">
  <testcase classname="com.RestAssured.com_Site" name="GET_tc001" time="2.025"/>
  <system-out/>
  <testcase classname="com.RestAssured.com_Site" name="Post" time="1.576"/>
  <system-out/>
  <testcase classname="com.RestAssured.com_Site" name="Get_002" time="1.376"/>
  <system-out/>
  <testcase classname="com.RestAssured.com_Site" name="Delete" time="1.543"/>
  <system-out/>
</testsuite> <!-- com.RestAssured.com_Site -->
