<?xml version="1.0" encoding="UTF-8"?>
<!-- Generated by org.testng.reporters.JUnitReportReporter -->
<testsuite hostname="LAPTOP-6L50N0K4" failures="0" tests="4" name="com.RestAssured.com_Site" time="23.685" errors="0" timestamp="2023-08-30T08:52:34 IST" skipped="0">
  <testcase classname="com.RestAssured.com_Site" name="GET_tc001" time="15.716"/>
  <system-out/>
  <testcase classname="com.RestAssured.com_Site" name="Post" time="2.077"/>
  <system-out/>
  <testcase classname="com.RestAssured.com_Site" name="Get_002" time="1.214"/>
  <system-out/>
  <testcase classname="com.RestAssured.com_Site" name="Delete" time="4.678"/>
  <system-out/>
</testsuite> <!-- com.RestAssured.com_Site -->
