<?xml version="1.0" encoding="UTF-8"?>
<!-- Generated by org.testng.reporters.JUnitReportReporter -->
<testsuite hostname="LAPTOP-6L50N0K4" failures="0" tests="3" name="selenium.restAssuredTesting.site2" time="11.849" errors="0" timestamp="2023-07-22T17:38:21 IST" skipped="0">
  <testcase classname="selenium.restAssuredTesting.site2" name="postRequest" time="1.611"/>
  <system-out/>
  <testcase classname="selenium.restAssuredTesting.site2" name="getRequest" time="9.691"/>
  <system-out/>
  <testcase classname="selenium.restAssuredTesting.site2" name="testListUser" time="0.547"/>
  <system-out/>
</testsuite> <!-- selenium.restAssuredTesting.site2 -->
