<?xml version="1.0" encoding="UTF-8"?>
<!-- Generated by org.testng.reporters.JUnitReportReporter -->
<testsuite hostname="LAPTOP-6L50N0K4" failures="0" tests="2" name="api.RestAssured.Testing.finalWebsite" time="7.980" errors="0" timestamp="2023-08-10T11:02:45 IST" skipped="0">
  <testcase classname="api.RestAssured.Testing.finalWebsite" name="getRequest" time="7.120"/>
  <system-out/>
  <testcase classname="api.RestAssured.Testing.finalWebsite" name="tc_002" time="0.860"/>
  <system-out/>
</testsuite> <!-- api.RestAssured.Testing.finalWebsite -->
