<?xml version="1.0" encoding="UTF-8"?>
<!-- Generated by org.testng.reporters.JUnitReportReporter -->
<testsuite hostname="LAPTOP-6L50N0K4" failures="0" tests="1" name="selenium.restAssuredTesting.site1" time="6.261" errors="0" timestamp="2023-07-21T18:01:40 IST" skipped="0">
  <testcase classname="selenium.restAssuredTesting.site1" name="testSingleUser" time="6.261"/>
  <system-out/>
</testsuite> <!-- selenium.restAssuredTesting.site1 -->
