<?xml version="1.0" encoding="UTF-8"?>
<!-- Generated by org.testng.reporters.JUnitReportReporter -->
<testsuite hostname="LAPTOP-6L50N0K4" failures="0" tests="1" name="api.RestAssured.Testing.finalApiExample_site" time="6.254" errors="0" timestamp="2023-08-10T11:45:26 IST" skipped="0">
  <testcase classname="api.RestAssured.Testing.finalApiExample_site" name="putRequest" time="6.254"/>
  <system-out/>
</testsuite> <!-- api.RestAssured.Testing.finalApiExample_site -->
