<?xml version="1.0" encoding="UTF-8"?>
<!-- Generated by org.testng.reporters.JUnitReportReporter -->
<testsuite hostname="LAPTOP-6L50N0K4" failures="0" tests="1" name="selenium.restAssuredTesting.site3" time="6.590" errors="0" timestamp="2023-07-22T18:27:55 IST" skipped="0">
  <testcase classname="selenium.restAssuredTesting.site3" name="useToken" time="6.590"/>
  <system-out/>
</testsuite> <!-- selenium.restAssuredTesting.site3 -->
