<?xml version="1.0" encoding="UTF-8"?>
<!-- Generated by org.testng.reporters.JUnitReportReporter -->
<testsuite hostname="LAPTOP-6L50N0K4" failures="0" tests="1" name="selenium.restAssuredTesting.site4" time="12.248" errors="0" timestamp="2023-07-29T19:55:09 IST" skipped="0">
  <testcase classname="selenium.restAssuredTesting.site4" name="get_request" time="12.248"/>
  <system-out/>
</testsuite> <!-- selenium.restAssuredTesting.site4 -->
