<?xml version="1.0" encoding="UTF-8"?>
<!-- Generated by org.testng.reporters.JUnitReportReporter -->
<testsuite hostname="LAPTOP-6L50N0K4" failures="0" tests="3" name="ApiTesting.site1" time="6.954" errors="0" timestamp="2023-08-30T19:06:04 IST" skipped="0">
  <testcase classname="ApiTesting.site1" name="getBookingIds" time="2.131"/>
  <system-out/>
  <testcase classname="ApiTesting.site1" name="getBooking" time="1.976"/>
  <system-out/>
  <testcase classname="ApiTesting.site1" name="createToken" time="2.847"/>
  <system-out/>
</testsuite> <!-- ApiTesting.site1 -->
